{"D:\\1.myWeb\\antdDemo\\components\\index.tsx": {"path":"D:\\1.myWeb\\antdDemo\\components\\index.tsx","statementMap":{},"fnMap":{},"branchMap":{},"s":{},"f":{},"b":{}}
,"D:\\1.myWeb\\antdDemo\\components\\button\\button.tsx": {"path":"D:\\1.myWeb\\antdDemo\\components\\button\\button.tsx","statementMap":{"0":{"start":{"line":12,"column":37},"end":{"line":15,"column":1}},"1":{"start":{"line":13,"column":23},"end":{"line":13,"column":28}},"2":{"start":{"line":14,"column":4},"end":{"line":14,"column":52}}},"fnMap":{"0":{"name":"(anonymous_0)","decl":{"start":{"line":12,"column":37},"end":{"line":12,"column":38}},"loc":{"start":{"line":12,"column":48},"end":{"line":15,"column":1}},"line":12}},"branchMap":{},"s":{"0":1,"1":1,"2":1},"f":{"0":1},"b":{},"_coverageSchema":"1a1c01bbd47fc00a2c39e90264f33305004495a9","hash":"0842d81194fbce9ed54b8f52a5254bc8031be026"}
,"D:\\1.myWeb\\antdDemo\\components\\button\\index.tsx": {"path":"D:\\1.myWeb\\antdDemo\\components\\button\\index.tsx","statementMap":{},"fnMap":{},"branchMap":{},"s":{},"f":{},"b":{},"_coverageSchema":"1a1c01bbd47fc00a2c39e90264f33305004495a9","hash":"8f7246be1595ef2526251b4bebdb374e57daccdd"}
}
